<?xml version="1.0" encoding="UTF-8"?>
<testsuites name="rtvAGD" time="27.26" tests="1" failures="0" errors="0">
   <testsuite name="rtvAGD" tests="1" failures="0" errors="0" time="27.26" skipped="0" timestamp="2023-01-16 03:17:02" hostname="miszu - 192.168.0.150" id="Test Suites/rtvAGD/rtvAGD">
      <properties>
         <property name="deviceName" value=""/>
         <property name="devicePlatform" value=""/>
         <property name="logFolder" value="C:\\Users\\miszu\\Katalon Studio\\Sample - Web API Tests\\Reports\\20230116_031650\\rtvAGD\\rtvAGD\\20230116_031650"/>
         <property name="logFiles" value="C:\\Users\\miszu\\Katalon Studio\\Sample - Web API Tests\\Reports\\20230116_031650\\rtvAGD\\rtvAGD\\20230116_031650\\execution0.log"/>
         <property name="attachments" value=""/>
         <property name="hostName" value="miszu - 192.168.0.150"/>
         <property name="os" value="Windows 10 64bit"/>
         <property name="katalonVersion" value="8.5.5.208"/>
         <property name="browser" value="Chrome 108.0.0.0"/>
         <property name="hostAddress" value="192.168.0.150"/>
         <property name="sessionId" value="f424d2778cf0aa35dcc5f34d0c64d650"/>
         <property name="seleniumVersion" value="3.141.59"/>
         <property name="proxyInformation" value="ProxyInformation { proxyOption=NO_PROXY, proxyServerType=HTTP, username=, password=********, proxyServerAddress=, proxyServerPort=0, executionList=&quot;&quot;, isApplyToDesiredCapabilities=true }"/>
         <property name="platform" value="Windows 10"/>
      </properties>
      <testcase name="Test Cases/Logowanie/Logowanie_rtvAGD" time="25.831" classname="Test Cases/Logowanie/Logowanie_rtvAGD" status="PASSED">
         <system-out><![CDATA[2023-01-16 03:17:03 - [TEST_CASE][PASSED] - Test Cases/Logowanie/Logowanie_rtvAGD: Test Cases/Logowanie/Logowanie_rtvAGD

2023-01-16 03:17:05 - [TEST_STEP][PASSED] - openBrowser(url1): Browser is opened with url: 'https://www.euro.com.pl'

2023-01-16 03:17:06 - [MESSAGE][INFO] - Starting 'Chrome' driver

2023-01-16 03:17:06 - [MESSAGE][INFO] - Action delay is set to 0 milliseconds

2023-01-16 03:17:12 - [MESSAGE][PASSED] - Browser is opened with url: 'https://www.euro.com.pl'

2023-01-16 03:17:12 - [TEST_STEP][PASSED] - click(findTestObject("Object Repository/Strona1/Edit_cookies")): Object: 'Object Repository/Strona1/Edit_cookies' is clicked on

2023-01-16 03:17:13 - [MESSAGE][PASSED] - Object: 'Object Repository/Strona1/Edit_cookies' is clicked on

2023-01-16 03:17:13 - [TEST_STEP][PASSED] - click(findTestObject("Object Repository/Strona1/Confirm_all_cookies")): Object: 'Object Repository/Strona1/Confirm_all_cookies' is clicked on

2023-01-16 03:17:14 - [MESSAGE][PASSED] - Object: 'Object Repository/Strona1/Confirm_all_cookies' is clicked on

2023-01-16 03:17:14 - [TEST_STEP][PASSED] - setText(findTestObject("Strona1/Wyszukiwanie"), Wyszukanie): Text 'xiaomi redmi note 7' is set on object 'Object Repository/Strona1/Wyszukiwanie'

2023-01-16 03:17:16 - [MESSAGE][PASSED] - Text 'xiaomi redmi note 7' is set on object 'Object Repository/Strona1/Wyszukiwanie'

2023-01-16 03:17:16 - [TEST_STEP][PASSED] - click(findTestObject("Object Repository/Strona1/Search")): Object: 'Object Repository/Strona1/Search' is clicked on

2023-01-16 03:17:18 - [MESSAGE][PASSED] - Object: 'Object Repository/Strona1/Search' is clicked on

2023-01-16 03:17:18 - [TEST_STEP][PASSED] - click(findTestObject("Object Repository/Strona1/Zaloguj_sie")): Object: 'Object Repository/Strona1/Zaloguj_sie' is clicked on

2023-01-16 03:17:21 - [MESSAGE][PASSED] - Object: 'Object Repository/Strona1/Zaloguj_sie' is clicked on

2023-01-16 03:17:21 - [TEST_STEP][PASSED] - setText(findTestObject("Strona1/Input_Imię"), Imie): Text '1' is set on object 'Object Repository/Strona1/Input_Imię'

2023-01-16 03:17:22 - [MESSAGE][PASSED] - Text '1' is set on object 'Object Repository/Strona1/Input_Imię'

2023-01-16 03:17:22 - [TEST_STEP][PASSED] - setText(findTestObject("Strona1/Input_Nazwisko"), Nazwisko): Text 'Szudera' is set on object 'Object Repository/Strona1/Input_Nazwisko'

2023-01-16 03:17:23 - [MESSAGE][PASSED] - Text 'Szudera' is set on object 'Object Repository/Strona1/Input_Nazwisko'

2023-01-16 03:17:23 - [TEST_STEP][PASSED] - setText(findTestObject("Strona1/Input_E-mail"), Email): Text 'mi.szudera@gmail.com' is set on object 'Object Repository/Strona1/Input_E-mail'

2023-01-16 03:17:24 - [MESSAGE][PASSED] - Text 'mi.szudera@gmail.com' is set on object 'Object Repository/Strona1/Input_E-mail'

2023-01-16 03:17:24 - [TEST_STEP][PASSED] - setText(findTestObject("Strona1/Input_Hasło"), Haslo): Text 'Qwertyui1' is set on object 'Object Repository/Strona1/Input_Hasło'

2023-01-16 03:17:25 - [MESSAGE][PASSED] - Text 'Qwertyui1' is set on object 'Object Repository/Strona1/Input_Hasło'

2023-01-16 03:17:25 - [TEST_STEP][PASSED] - setText(findTestObject("Strona1/Input_Powtorz_Hasło"), Haslo2): Text 'Qwertyui1' is set on object 'Object Repository/Strona1/Input_Powtorz_Hasło'

2023-01-16 03:17:26 - [MESSAGE][PASSED] - Text 'Qwertyui1' is set on object 'Object Repository/Strona1/Input_Powtorz_Hasło'

2023-01-16 03:17:26 - [TEST_STEP][PASSED] - blad = getText(findTestObject("Object Repository/Strona1/Bład")): Text of object 'Object Repository/Strona1/Bład' is: 'Imię jest za krótkie'

2023-01-16 03:17:27 - [MESSAGE][PASSED] - Text of object 'Object Repository/Strona1/Bład' is: 'Imię jest za krótkie'

2023-01-16 03:17:27 - [TEST_STEP][PASSED] - assert error == blad: null

2023-01-16 03:17:27 - [TEST_STEP][PASSED] - closeBrowser(): Browser is closed

2023-01-16 03:17:29 - [MESSAGE][PASSED] - Browser is closed]]></system-out>
         <system-err><![CDATA[]]></system-err>
      </testcase>
      <system-out><![CDATA[2023-01-16 03:17:02 - [TEST_SUITE][PASSED] - rtvAGD: Test Cases/Logowanie/Logowanie_rtvAGD]]></system-out>
      <system-err><![CDATA[]]></system-err>
   </testsuite>
</testsuites>
